<?xml version="1.0" encoding="UTF-8"?>
<!-- Generated by org.testng.reporters.JUnitReportReporter -->
<testsuite skipped="0" hostname="Bharath-PC" name="tests.RequestDemoTest" tests="1" failures="0" timestamp="16 Sep 2018 10:07:01 GMT" time="154.334" errors="0">
  <testcase name="verifyRequestADemoButtonFunctionality" time="154.334" classname="tests.RequestDemoTest"/>
</testsuite> <!-- tests.RequestDemoTest -->
