<?xml version="1.0" encoding="UTF-8"?>
<!-- Generated by org.testng.reporters.JUnitReportReporter -->
<testsuite skipped="0" hostname="Bharath-PC" name="tests.VerifyDepartmentTabs" tests="1" failures="1" timestamp="16 Sep 2018 10:07:01 GMT" time="54.760" errors="0">
  <testcase name="verifyEmployeeInfoInAllAndOtherTabs" time="54.760" classname="tests.VerifyDepartmentTabs">
    <failure type="java.lang.AssertionError" message="The following asserts failed:
	Verify that number of employees match between All tab and sum of other tabs. expected [119] but found [124],
	Verify that employee names and departments are listed correctly between All tab and Department tabs for the Employee Name:=AMANDA GRADY Department:=Partner Growth expected [false] but found [true],
	Verify that employee names and departments are listed correctly between All tab and Department tabs for the Employee Name:=AMANDA VANDIVER Department:=Partner Growth expected [false] but found [true],
	Verify that employee names and departments are listed correctly between All tab and Department tabs for the Employee Name:=MARK WEILER Department:=Engineering expected [false] but found [true],
	Verify that employee names and departments are listed correctly between All tab and Department tabs for the Employee Name:=VATSAL BAJPAI Department:=Engineering expected [false] but found [true],
	Verify that employee names and departments are listed correctly between All tab and Department tabs for the Employee Name:=YEN HOANG Department:=Engineering expected [false] but found [true]">
      <![CDATA[java.lang.AssertionError: The following asserts failed:Verify that number of employees match between All tab and sum of other tabs. expected [119] but found [124],Verify that employee names and departments are listed correctly between All tab and Department tabs for the Employee Name:=AMANDA GRADY Department:=Partner Growth expected [false] but found [true],Verify that employee names and departments are listed correctly between All tab and Department tabs for the Employee Name:=AMANDA VANDIVER Department:=Partner Growth expected [false] but found [true],Verify that employee names and departments are listed correctly between All tab and Department tabs for the Employee Name:=MARK WEILER Department:=Engineering expected [false] but found [true],Verify that employee names and departments are listed correctly between All tab and Department tabs for the Employee Name:=VATSAL BAJPAI Department:=Engineering expected [false] but found [true],Verify that employee names and departments are listed correctly between All tab and Department tabs for the Employee Name:=YEN HOANG Department:=Engineering expected [false] but found [true]at org.testng.asserts.SoftAssert.assertAll(SoftAssert.java:43)at tests.VerifyDepartmentTabs.verifyEmployeeInfoInAllAndOtherTabs(VerifyDepartmentTabs.java:95)at sun.reflect.NativeMethodAccessorImpl.invoke0(Native Method)at sun.reflect.NativeMethodAccessorImpl.invoke(NativeMethodAccessorImpl.java:62)at sun.reflect.DelegatingMethodAccessorImpl.invoke(DelegatingMethodAccessorImpl.java:43)at java.lang.reflect.Method.invoke(Method.java:498)at org.testng.internal.MethodInvocationHelper.invokeMethod(MethodInvocationHelper.java:124)at org.testng.internal.Invoker.invokeMethod(Invoker.java:571)at org.testng.internal.Invoker.invokeTestMethod(Invoker.java:707)at org.testng.internal.Invoker.invokeTestMethods(Invoker.java:979)at org.testng.internal.TestMethodWorker.invokeTestMethods(TestMethodWorker.java:125)at org.testng.internal.TestMethodWorker.run(TestMethodWorker.java:109)at org.testng.TestRunner.privateRun(TestRunner.java:648)at org.testng.TestRunner.run(TestRunner.java:505)at org.testng.SuiteRunner.runTest(SuiteRunner.java:455)at org.testng.SuiteRunner.runSequentially(SuiteRunner.java:450)at org.testng.SuiteRunner.privateRun(SuiteRunner.java:415)at org.testng.SuiteRunner.run(SuiteRunner.java:364)at org.testng.SuiteRunnerWorker.runSuite(SuiteRunnerWorker.java:52)at org.testng.SuiteRunnerWorker.run(SuiteRunnerWorker.java:84)at org.testng.TestNG.runSuitesSequentially(TestNG.java:1187)at org.testng.TestNG.runSuitesLocally(TestNG.java:1116)at org.testng.TestNG.runSuites(TestNG.java:1028)at org.testng.TestNG.run(TestNG.java:996)at org.testng.remote.AbstractRemoteTestNG.run(AbstractRemoteTestNG.java:114)at org.testng.remote.RemoteTestNG.initAndRun(RemoteTestNG.java:251)at org.testng.remote.RemoteTestNG.main(RemoteTestNG.java:77)]]>
    </failure>
  </testcase> <!-- verifyEmployeeInfoInAllAndOtherTabs -->
</testsuite> <!-- tests.VerifyDepartmentTabs -->
